# JRE version: Java(TM) SE Runtime Environment (8.0_111-b14) (build 1.8.0_111-b14)
# Java VM: Java HotSpot(TM) 64-Bit Server VM (25.111-b14 mixed mode windows-amd64 compressed oops)
Heap:
 PSYoungGen      total 280576K, used 128963K [0x00000000d6000000, 0x00000000e9200000, 0x0000000100000000)
  eden space 262144K, 42% used [0x00000000d6000000,0x00000000dcd0f4d0,0x00000000e6000000)
  from space 18432K, 93% used [0x00000000e8000000,0x00000000e90e1788,0x00000000e9200000)
  to   space 25600K, 0% used [0x00000000e6000000,0x00000000e6000000,0x00000000e7900000)
 ParOldGen       total 139264K, used 39658K [0x0000000082000000, 0x000000008a800000, 0x00000000d6000000)
  object space 139264K, 28% used [0x0000000082000000,0x00000000846ba970,0x000000008a800000)
 Metaspace       used 72073K, capacity 75158K, committed 75392K, reserved 1114112K
  class space    used 9538K, capacity 10067K, committed 10112K, reserved 1048576K
GC Heap History (10 events):
Event: 402.641 GC heap before
{Heap before GC invocations=13 (full 2):
 PSYoungGen      total 209920K, used 181181K [0x00000000d6000000, 0x00000000e4480000, 0x0000000100000000)
  eden space 189952K, 86% used [0x00000000d6000000,0x00000000e001c448,0x00000000e1980000)
  from space 19968K, 86% used [0x00000000e2e80000,0x00000000e3f53300,0x00000000e4200000)
  to   space 21504K, 0% used [0x00000000e1980000,0x00000000e1980000,0x00000000e2e80000)
 ParOldGen       total 98816K, used 23319K [0x0000000082000000, 0x0000000088080000, 0x00000000d6000000)
  object space 98816K, 23% used [0x0000000082000000,0x00000000836c5c88,0x0000000088080000)
 Metaspace       used 56599K, capacity 59016K, committed 59160K, reserved 1099776K
  class space    used 7858K, capacity 8291K, committed 8320K, reserved 1048576K
Event: 402.690 GC heap after
Heap after GC invocations=13 (full 2):
 PSYoungGen      total 211456K, used 21491K [0x00000000d6000000, 0x00000000e7080000, 0x0000000100000000)
  eden space 189952K, 0% used [0x00000000d6000000,0x00000000d6000000,0x00000000e1980000)
  from space 21504K, 99% used [0x00000000e1980000,0x00000000e2e7cf88,0x00000000e2e80000)
  to   space 25088K, 0% used [0x00000000e5800000,0x00000000e5800000,0x00000000e7080000)
 ParOldGen       total 98816K, used 25411K [0x0000000082000000, 0x0000000088080000, 0x00000000d6000000)
  object space 98816K, 25% used [0x0000000082000000,0x00000000838d0dd0,0x0000000088080000)
 Metaspace       used 56599K, capacity 59016K, committed 59160K, reserved 1099776K
  class space    used 7858K, capacity 8291K, committed 8320K, reserved 1048576K
}
Event: 402.690 GC heap before
{Heap before GC invocations=14 (full 3):
 PSYoungGen      total 211456K, used 21491K [0x00000000d6000000, 0x00000000e7080000, 0x0000000100000000)
  eden space 189952K, 0% used [0x00000000d6000000,0x00000000d6000000,0x00000000e1980000)
  from space 21504K, 99% used [0x00000000e1980000,0x00000000e2e7cf88,0x00000000e2e80000)
  to   space 25088K, 0% used [0x00000000e5800000,0x00000000e5800000,0x00000000e7080000)
 ParOldGen       total 98816K, used 25411K [0x0000000082000000, 0x0000000088080000, 0x00000000d6000000)
  object space 98816K, 25% used [0x0000000082000000,0x00000000838d0dd0,0x0000000088080000)
 Metaspace       used 56599K, capacity 59016K, committed 59160K, reserved 1099776K
  class space    used 7858K, capacity 8291K, committed 8320K, reserved 1048576K
Event: 402.991 GC heap after
Heap after GC invocations=14 (full 3):
 PSYoungGen      total 211456K, used 0K [0x00000000d6000000, 0x00000000e7080000, 0x0000000100000000)
  eden space 189952K, 0% used [0x00000000d6000000,0x00000000d6000000,0x00000000e1980000)
  from space 21504K, 0% used [0x00000000e1980000,0x00000000e1980000,0x00000000e2e80000)
  to   space 25088K, 0% used [0x00000000e5800000,0x00000000e5800000,0x00000000e7080000)
 ParOldGen       total 139264K, used 39612K [0x0000000082000000, 0x000000008a800000, 0x00000000d6000000)
  object space 139264K, 28% used [0x0000000082000000,0x00000000846af2d8,0x000000008a800000)
 Metaspace       used 56599K, capacity 59016K, committed 59160K, reserved 1099776K
  class space    used 7858K, capacity 8291K, committed 8320K, reserved 1048576K
}
Event: 493.461 GC heap before
{Heap before GC invocations=15 (full 3):
 PSYoungGen      total 211456K, used 189952K [0x00000000d6000000, 0x00000000e7080000, 0x0000000100000000)
  eden space 189952K, 100% used [0x00000000d6000000,0x00000000e1980000,0x00000000e1980000)
  from space 21504K, 0% used [0x00000000e1980000,0x00000000e1980000,0x00000000e2e80000)
  to   space 25088K, 0% used [0x00000000e5800000,0x00000000e5800000,0x00000000e7080000)
 ParOldGen       total 139264K, used 39612K [0x0000000082000000, 0x000000008a800000, 0x00000000d6000000)
  object space 139264K, 28% used [0x0000000082000000,0x00000000846af2d8,0x000000008a800000)
 Metaspace       used 70301K, capacity 72966K, committed 73088K, reserved 1112064K
  class space    used 9362K, capacity 9823K, committed 9856K, reserved 1048576K
Event: 493.492 GC heap after
Heap after GC invocations=15 (full 3):
 PSYoungGen      total 253440K, used 17038K [0x00000000d6000000, 0x00000000e7400000, 0x0000000100000000)
  eden space 228352K, 0% used [0x00000000d6000000,0x00000000d6000000,0x00000000e3f00000)
  from space 25088K, 67% used [0x00000000e5800000,0x00000000e68a3990,0x00000000e7080000)
  to   space 25600K, 0% used [0x00000000e3f00000,0x00000000e3f00000,0x00000000e5800000)
 ParOldGen       total 139264K, used 39642K [0x0000000082000000, 0x000000008a800000, 0x00000000d6000000)
  object space 139264K, 28% used [0x0000000082000000,0x00000000846b6970,0x000000008a800000)
 Metaspace       used 70301K, capacity 72966K, committed 73088K, reserved 1112064K
  class space    used 9362K, capacity 9823K, committed 9856K, reserved 1048576K
}
Event: 682.445 GC heap before
{Heap before GC invocations=16 (full 3):
 PSYoungGen      total 253440K, used 245390K [0x00000000d6000000, 0x00000000e7400000, 0x0000000100000000)
  eden space 228352K, 100% used [0x00000000d6000000,0x00000000e3f00000,0x00000000e3f00000)
  from space 25088K, 67% used [0x00000000e5800000,0x00000000e68a3990,0x00000000e7080000)
  to   space 25600K, 0% used [0x00000000e3f00000,0x00000000e3f00000,0x00000000e5800000)
 ParOldGen       total 139264K, used 39642K [0x0000000082000000, 0x000000008a800000, 0x00000000d6000000)
  object space 139264K, 28% used [0x0000000082000000,0x00000000846b6970,0x000000008a800000)
 Metaspace       used 71413K, capacity 74222K, committed 74240K, reserved 1114112K
  class space    used 9489K, capacity 9975K, committed 9984K, reserved 1048576K
Event: 682.476 GC heap after
Heap after GC invocations=16 (full 3):
 PSYoungGen      total 253952K, used 15109K [0x00000000d6000000, 0x00000000e9880000, 0x0000000100000000)
  eden space 228352K, 0% used [0x00000000d6000000,0x00000000d6000000,0x00000000e3f00000)
  from space 25600K, 59% used [0x00000000e3f00000,0x00000000e4dc1798,0x00000000e5800000)
  to   space 25088K, 0% used [0x00000000e8000000,0x00000000e8000000,0x00000000e9880000)
 ParOldGen       total 139264K, used 39650K [0x0000000082000000, 0x000000008a800000, 0x00000000d6000000)
  object space 139264K, 28% used [0x0000000082000000,0x00000000846b8970,0x000000008a800000)
 Metaspace       used 71413K, capacity 74222K, committed 74240K, reserved 1114112K
  class space    used 9489K, capacity 9975K, committed 9984K, reserved 1048576K
}
Event: 4553.680 GC heap before
{Heap before GC invocations=17 (full 3):
 PSYoungGen      total 253952K, used 243461K [0x00000000d6000000, 0x00000000e9880000, 0x0000000100000000)
  eden space 228352K, 100% used [0x00000000d6000000,0x00000000e3f00000,0x00000000e3f00000)
  from space 25600K, 59% used [0x00000000e3f00000,0x00000000e4dc1798,0x00000000e5800000)
  to   space 25088K, 0% used [0x00000000e8000000,0x00000000e8000000,0x00000000e9880000)
 ParOldGen       total 139264K, used 39650K [0x0000000082000000, 0x000000008a800000, 0x00000000d6000000)
  object space 139264K, 28% used [0x0000000082000000,0x00000000846b8970,0x000000008a800000)
 Metaspace       used 72029K, capacity 75110K, committed 75392K, reserved 1114112K
  class space    used 9535K, capacity 10059K, committed 10112K, reserved 1048576K
Event: 4553.716 GC heap after
Heap after GC invocations=17 (full 3):
 PSYoungGen      total 280576K, used 17285K [0x00000000d6000000, 0x00000000e9200000, 0x0000000100000000)
  eden space 262144K, 0% used [0x00000000d6000000,0x00000000d6000000,0x00000000e6000000)
  from space 18432K, 93% used [0x00000000e8000000,0x00000000e90e1788,0x00000000e9200000)
  to   space 25600K, 0% used [0x00000000e6000000,0x00000000e6000000,0x00000000e7900000)
 ParOldGen       total 139264K, used 39658K [0x0000000082000000, 0x000000008a800000, 0x00000000d6000000)
  object space 139264K, 28% used [0x0000000082000000,0x00000000846ba970,0x000000008a800000)
 Metaspace       used 72029K, capacity 75110K, committed 75392K, reserved 1114112K
  class space    used 9535K, capacity 10059K, committed 10112K, reserved 1048576K
}

